-------------------------------------------------------------------------------
>Log Session: Friday, April 27, 2018 12:49:08 AM ICT
>System Info: 
  Product Version         = NetBeans Platform 8.2 (Build 201705191307)
  Operating System        = Linux version 4.13.0-38-generic running on amd64
  Java; VM; Vendor        = 1.8.0_171; Java HotSpot(TM) 64-Bit Server VM 25.171-b11; Oracle Corporation
  Runtime                 = Java(TM) SE Runtime Environment 1.8.0_171-b11
  Java Home               = /usr/lib/jvm/java-8-oracle/jre
  System Locale; Encoding = en_US; UTF-8
  Home Directory          = /home/levante
  Current Directory       = /home/levante/AutoPsy/netbeans-plat/8.2/harness/launchers
  User Directory          = /home/levante/AutoPsy/netbeans-plat/8.2/harness/launchers
  Cache Directory         = /var/cache
  Installation            = /home/levante/netbeans-8.2/platform
  Boot & Ext. Classpath   = /usr/lib/jvm/java-8-oracle/jre/lib/resources.jar:/usr/lib/jvm/java-8-oracle/jre/lib/rt.jar:/usr/lib/jvm/java-8-oracle/jre/lib/sunrsasign.jar:/usr/lib/jvm/java-8-oracle/jre/lib/jsse.jar:/usr/lib/jvm/java-8-oracle/jre/lib/jce.jar:/usr/lib/jvm/java-8-oracle/jre/lib/charsets.jar:/usr/lib/jvm/java-8-oracle/jre/lib/jfr.jar:/usr/lib/jvm/java-8-oracle/jre/classes:/usr/lib/jvm/java-8-oracle/jre/lib/ext/jfxrt.jar:/usr/lib/jvm/java-8-oracle/jre/lib/ext/sunec.jar:/usr/lib/jvm/java-8-oracle/jre/lib/ext/sunpkcs11.jar:/usr/lib/jvm/java-8-oracle/jre/lib/ext/zipfs.jar:/usr/lib/jvm/java-8-oracle/jre/lib/ext/jaccess.jar:/usr/lib/jvm/java-8-oracle/jre/lib/ext/dnsns.jar:/usr/lib/jvm/java-8-oracle/jre/lib/ext/sunjce_provider.jar:/usr/lib/jvm/java-8-oracle/jre/lib/ext/localedata.jar:/usr/lib/jvm/java-8-oracle/jre/lib/ext/cldrdata.jar:/usr/lib/jvm/java-8-oracle/jre/lib/ext/nashorn.jar
  Application Classpath   = /home/levante/netbeans-8.2/platform/lib/boot.jar:/home/levante/netbeans-8.2/platform/lib/org-openide-modules.jar:/home/levante/netbeans-8.2/platform/lib/org-openide-util.jar:/home/levante/netbeans-8.2/platform/lib/org-openide-util-lookup.jar:/home/levante/netbeans-8.2/platform/lib/org-openide-util-ui.jar:/home/levante/netbeans-8.2/platform/lib/locale/boot_ja.jar:/home/levante/netbeans-8.2/platform/lib/locale/boot_pt_BR.jar:/home/levante/netbeans-8.2/platform/lib/locale/boot_ru.jar:/home/levante/netbeans-8.2/platform/lib/locale/boot_zh_CN.jar:/home/levante/netbeans-8.2/platform/lib/locale/org-openide-modules_ja.jar:/home/levante/netbeans-8.2/platform/lib/locale/org-openide-modules_pt_BR.jar:/home/levante/netbeans-8.2/platform/lib/locale/org-openide-modules_ru.jar:/home/levante/netbeans-8.2/platform/lib/locale/org-openide-modules_zh_CN.jar:/home/levante/netbeans-8.2/platform/lib/locale/org-openide-util_ja.jar:/home/levante/netbeans-8.2/platform/lib/locale/org-openide-util-lookup_ja.jar:/home/levante/netbeans-8.2/platform/lib/locale/org-openide-util-lookup_pt_BR.jar:/home/levante/netbeans-8.2/platform/lib/locale/org-openide-util-lookup_ru.jar:/home/levante/netbeans-8.2/platform/lib/locale/org-openide-util-lookup_zh_CN.jar:/home/levante/netbeans-8.2/platform/lib/locale/org-openide-util_pt_BR.jar:/home/levante/netbeans-8.2/platform/lib/locale/org-openide-util_ru.jar:/home/levante/netbeans-8.2/platform/lib/locale/org-openide-util-ui_ja.jar:/home/levante/netbeans-8.2/platform/lib/locale/org-openide-util-ui_pt_BR.jar:/home/levante/netbeans-8.2/platform/lib/locale/org-openide-util-ui_ru.jar:/home/levante/netbeans-8.2/platform/lib/locale/org-openide-util-ui_zh_CN.jar:/home/levante/netbeans-8.2/platform/lib/locale/org-openide-util_zh_CN.jar:/usr/lib/jvm/java-8-oracle/lib/dt.jar:/usr/lib/jvm/java-8-oracle/lib/tools.jar
  Startup Classpath       = /home/levante/netbeans-8.2/platform/core/asm-all-5.0.1.jar:/home/levante/netbeans-8.2/platform/core/org-openide-filesystems.jar:/home/levante/netbeans-8.2/platform/core/core.jar:/home/levante/netbeans-8.2/platform/core/org-openide-filesystems-compat8.jar:/home/levante/netbeans-8.2/platform/core/core-base.jar:/home/levante/netbeans-8.2/platform/core/org-netbeans-libs-asm.jar:/home/levante/netbeans-8.2/platform/core/locale/core_pt_BR.jar:/home/levante/netbeans-8.2/platform/core/locale/core-base_zh_CN.jar:/home/levante/netbeans-8.2/platform/core/locale/org-netbeans-libs-asm_zh_CN.jar:/home/levante/netbeans-8.2/platform/core/locale/org-netbeans-libs-asm_ru.jar:/home/levante/netbeans-8.2/platform/core/locale/org-openide-filesystems_zh_CN.jar:/home/levante/netbeans-8.2/platform/core/locale/org-openide-filesystems-compat8_ja.jar:/home/levante/netbeans-8.2/platform/core/locale/org-openide-filesystems_pt_BR.jar:/home/levante/netbeans-8.2/platform/core/locale/org-openide-filesystems-compat8_pt_BR.jar:/home/levante/netbeans-8.2/platform/core/locale/core_ru.jar:/home/levante/netbeans-8.2/platform/core/locale/org-openide-filesystems_ja.jar:/home/levante/netbeans-8.2/platform/core/locale/org-openide-filesystems_ru.jar:/home/levante/netbeans-8.2/platform/core/locale/core_ja.jar:/home/levante/netbeans-8.2/platform/core/locale/core_zh_CN.jar:/home/levante/netbeans-8.2/platform/core/locale/core-base_pt_BR.jar:/home/levante/netbeans-8.2/platform/core/locale/org-netbeans-libs-asm_ja.jar:/home/levante/netbeans-8.2/platform/core/locale/org-netbeans-libs-asm_pt_BR.jar:/home/levante/netbeans-8.2/platform/core/locale/org-openide-filesystems-compat8_ru.jar:/home/levante/netbeans-8.2/platform/core/locale/core-base_ja.jar:/home/levante/netbeans-8.2/platform/core/locale/org-openide-filesystems-compat8_zh_CN.jar:/home/levante/netbeans-8.2/platform/core/locale/core-base_ru.jar
-------------------------------------------------------------------------------
WARNING [org.netbeans.modules.autoupdate.ui.actions.AutoupdateSettings]: The property "netbeans.default_userdir_root" was not set!
INFO [org.netbeans.core.startup.NbEvents]: Turning on modules:
	org.openide.util.lookup [8.33.1 201609300101]
	org.openide.util [9.7.1 201609300101]
	org.openide.util.ui [9.6.1 201609300101]
	org.openide.modules [7.48.1 201609300101]
	org.netbeans.api.annotations.common/1 [1.27.1 201609300101]
	org.openide.filesystems [9.10.2 201705191307]
	org.openide.awt [7.67.1 201609300101]
	org.netbeans.api.progress/1 [1.47.1 201609300101]
	org.netbeans.api.progress.nb [1.47.1 201609300101]
	org.openide.dialogs [7.42.1 201609300101]
	org.openide.nodes [7.45.1 201609300101]
	org.openide.windows [6.75.1 201609300101]
	org.netbeans.modules.editor.mimelookup/1 [1.40.1 201609300101]
	org.openide.text [6.67.1 201609300101]
	org.netbeans.swing.tabcontrol [1.56.1 201609300101]
	org.netbeans.swing.outline [1.34.1 201609300101]
	org.openide.explorer [6.62.1 201609300101]
	org.openide.actions [6.39.1 201609300101]
	org.netbeans.modules.queries/1 [1.43.1 201609300101]
	org.netbeans.api.templates [1.7.1 201609300101]
	org.openide.filesystems.nb [9.9.2 201612141242]
	org.openide.loaders [7.66.1 201609300101]
	org.netbeans.api.intent [1.2.1 201609300101]
	org.netbeans.api.io [1.3.1 201609300101]
	org.openide.io [1.49.1 201609300101]
	org.openide.filesystems.compat8 [9.9.1 201609300101]
	org.netbeans.swing.plaf [1.41.1 201609300101]
	org.netbeans.spi.quicksearch [1.27.1 201609300101]
	org.netbeans.modules.templates/1 [1.7.1 201609300101]
	org.netbeans.libs.asm [5.3.1 201609300101]
	org.netbeans.bootstrap/1 [2.76.1 201609300101]
	org.netbeans.core.startup.base [1.62.1.1 1 201609300101]
	org.netbeans.core.startup/1 [1.62.1.1 201609300101]
	org.netbeans.modules.settings/1 [1.49.1 201609300101]
	org.netbeans.modules.sendopts/2 [2.35.1 201609300101]
	org.netbeans.modules.sampler [1.14.1 201609300101]
	org.netbeans.modules.progress.ui [1.33.1 201609300101]
	org.netbeans.modules.print [7.26.1 201609300101]
	org.netbeans.modules.keyring [1.24.1 201609300101]
	org.netbeans.core/2 [3.51.1 201609300101]
	org.netbeans.modules.options.api/1 [1.45.1 201609300101]
	org.netbeans.modules.options.keymap [1.37.1 201609300101]
	org.netbeans.modules.masterfs/2 [2.55.1.2 2 201609300101]
	org.netbeans.modules.masterfs.ui [2.3.1.2 201609300101]
	org.netbeans.modules.masterfs.nio2 [1.15.1 201609300101]
	org.netbeans.libs.jna/1 [1.44.1 201609300101]
	org.netbeans.modules.masterfs.linux [1.13.1 201609300101]
	org.netbeans.modules.keyring.fallback [1.8.1 201609300101]
	org.netbeans.modules.keyring.impl [1.24.1 201609300101]
	org.netbeans.modules.favorites/1 [1.46.1 201609300101]
	org.netbeans.modules.editor.mimelookup.impl/1 [1.32.1 201609300101]
	org.netbeans.modules.autoupdate.services [1.52.1 201609300101]
	org.netbeans.modules.autoupdate.cli [1.13.1 201609300101]
	org.netbeans.core.windows/2 [2.81.1 201609300101]
	org.netbeans.core.ui/1 [1.45.1 201609300101]
	org.netbeans.libs.osgi [1.21.1 201609300101]
	org.netbeans.libs.felix [2.15.1 201609300101]
	org.netbeans.modules.autoupdate.ui [1.45.1 201609300101]
	org.netbeans.modules.core.kit [1.30.1 201609300101]
	org.netbeans.libs.jna.platform/1 [1.14.1 201609300101]
	org.netbeans.core.output2/1 [1.41.1 201609300101]
	org.netbeans.core.network [1.10.1 201609300101]
	org.netbeans.core.netigso [1.31.1 201609300101]
	org.netbeans.core.nativeaccess/1 [1.31.1 201609300101]
	org.netbeans.core.multitabs/1 [1.12.1.1 1 201609300101]
	org.netbeans.core.io.ui/1 [1.30.1 201609300101]
INFO [org.netbeans.core.network.proxy.NetworkProxyReloader]: System network proxy resolver: Gnome
INFO [org.netbeans.core.network.proxy.gnome.GsettingsNetworkProxy]: GSettings system proxy resolver: direct connection
INFO [org.netbeans.core.network.proxy.NetworkProxyReloader]: System network proxy reloading succeeded.
INFO [org.netbeans.core.network.proxy.NetworkProxyReloader]: System network proxy - mode: direct
INFO [org.netbeans.core.network.proxy.NetworkProxyReloader]: System network proxy: fell to default (correct if direct mode went before)
INFO [org.netbeans.ui.metrics.laf]: USG_LOOK_AND_FEEL
Diagnostic information
Input arguments:
	-Djdk.home=/usr/lib/jvm/java-8-oracle
	-Dnetbeans.running.environment=gnome
	-Dnetbeans.dirs=
	-Dnetbeans.home=/home/levante/netbeans-8.2/platform
	-DaddExports:java.desktop/sun.awt=ALL-UNNAMED
	-DaddExports:java.base/jdk.internal.jrtfs=ALL-UNNAMED
	-DaddExports:java.desktop/java.awt.peer=ALL-UNNAMED
	-DaddExports:java.desktop/com.sun.beans.editors=ALL-UNNAMED
	-DaddExports:java.desktop/sun.awt.im=ALL-UNNAMED
	-DaddExports:java.desktop/com.sun.java.swing.plaf.gtk=ALL-UNNAMED
	-DaddExports:java.management/sun.management=ALL-UNNAMED
	-XX:+HeapDumpOnOutOfMemoryError
	-XX:HeapDumpPath=/var/log/heapdump.hprof
Compiler: HotSpot 64-Bit Tiered Compilers
Heap memory usage: initial 60.0MB maximum 852.0MB
Non heap memory usage: initial 2.4MB maximum -1b
Garbage collector: PS Scavenge (Collections=6 Total time spent=0s)
Garbage collector: PS MarkSweep (Collections=1 Total time spent=0s)
Classes: loaded=4468 total loaded=4468 unloaded 0
INFO [org.netbeans.core.ui.warmup.DiagnosticTask]: Total memory 4,014,764,032
INFO [null]: Total physical memory 4,014,764,032
WARNING [org.netbeans.Stamps]: Error saving cache /var/cache/package-attrs.dat
INFO [org.netbeans.Stamps]: /var/cache/package-attrs.dat (Permission denied)
java.io.FileNotFoundException: /var/cache/package-attrs.dat (Permission denied)
	at java.io.FileOutputStream.open0(Native Method)
	at java.io.FileOutputStream.open(FileOutputStream.java:270)
	at java.io.FileOutputStream.<init>(FileOutputStream.java:213)
[catch] at org.netbeans.Stamps$Store.store(Stamps.java:726)
	at org.netbeans.Stamps$Worker.run(Stamps.java:899)
WARNING [org.netbeans.Stamps]: Error saving cache /var/cache/splash.png
INFO [org.netbeans.Stamps]: /var/cache/splash.png (Permission denied)
java.io.FileNotFoundException: /var/cache/splash.png (Permission denied)
	at java.io.FileOutputStream.open0(Native Method)
	at java.io.FileOutputStream.open(FileOutputStream.java:270)
	at java.io.FileOutputStream.<init>(FileOutputStream.java:213)
[catch] at org.netbeans.Stamps$Store.store(Stamps.java:726)
	at org.netbeans.Stamps$Worker.run(Stamps.java:899)
WARNING [org.netbeans.Stamps]: Error saving cache /var/cache/all-modules.dat
INFO [org.netbeans.Stamps]: /var/cache/all-modules.dat (Permission denied)
java.io.FileNotFoundException: /var/cache/all-modules.dat (Permission denied)
	at java.io.FileOutputStream.open0(Native Method)
	at java.io.FileOutputStream.open(FileOutputStream.java:270)
	at java.io.FileOutputStream.<init>(FileOutputStream.java:213)
[catch] at org.netbeans.Stamps$Store.store(Stamps.java:726)
	at org.netbeans.Stamps$Worker.run(Stamps.java:899)
WARNING [org.netbeans.Stamps]: Error saving cache /var/cache/localeVariants
INFO [org.netbeans.Stamps]: /var/cache/localeVariants (Permission denied)
java.io.FileNotFoundException: /var/cache/localeVariants (Permission denied)
	at java.io.FileOutputStream.open0(Native Method)
	at java.io.FileOutputStream.open(FileOutputStream.java:270)
	at java.io.FileOutputStream.<init>(FileOutputStream.java:213)
[catch] at org.netbeans.Stamps$Store.store(Stamps.java:726)
	at org.netbeans.Stamps$Worker.run(Stamps.java:899)
WARNING [org.netbeans.Stamps]: Error saving cache /var/cache/all-manifests.dat
INFO [org.netbeans.Stamps]: /var/cache/all-manifests.dat (Permission denied)
java.io.FileNotFoundException: /var/cache/all-manifests.dat (Permission denied)
	at java.io.FileOutputStream.open0(Native Method)
	at java.io.FileOutputStream.open(FileOutputStream.java:270)
	at java.io.FileOutputStream.<init>(FileOutputStream.java:213)
[catch] at org.netbeans.Stamps$Store.store(Stamps.java:726)
	at org.netbeans.Stamps$Worker.run(Stamps.java:899)
WARNING [org.netbeans.Stamps]: Error saving cache /var/cache/all-local-layers.dat
INFO [org.netbeans.Stamps]: /var/cache/all-local-layers.dat (Permission denied)
java.io.FileNotFoundException: /var/cache/all-local-layers.dat (Permission denied)
	at java.io.FileOutputStream.open0(Native Method)
	at java.io.FileOutputStream.open(FileOutputStream.java:270)
	at java.io.FileOutputStream.<init>(FileOutputStream.java:213)
[catch] at org.netbeans.Stamps$Store.store(Stamps.java:726)
	at org.netbeans.Stamps$Worker.run(Stamps.java:899)
WARNING [org.netbeans.Stamps]: Error saving cache /var/cache/all-layers.dat
INFO [org.netbeans.Stamps]: /var/cache/all-layers.dat (Permission denied)
java.io.FileNotFoundException: /var/cache/all-layers.dat (Permission denied)
	at java.io.FileOutputStream.open0(Native Method)
	at java.io.FileOutputStream.open(FileOutputStream.java:270)
	at java.io.FileOutputStream.<init>(FileOutputStream.java:213)
[catch] at org.netbeans.Stamps$Store.store(Stamps.java:726)
	at org.netbeans.Stamps$Worker.run(Stamps.java:899)
WARNING [org.netbeans.Stamps]: Error saving cache /var/cache/all-files.dat
INFO [org.netbeans.Stamps]: /var/cache/all-files.dat (Permission denied)
java.io.FileNotFoundException: /var/cache/all-files.dat (Permission denied)
	at java.io.FileOutputStream.open0(Native Method)
	at java.io.FileOutputStream.open(FileOutputStream.java:270)
	at java.io.FileOutputStream.<init>(FileOutputStream.java:213)
[catch] at org.netbeans.Stamps$Store.store(Stamps.java:726)
	at org.netbeans.Stamps$Worker.run(Stamps.java:899)
WARNING [org.netbeans.Stamps]: Error saving cache /var/cache/all-resources.dat
INFO [org.netbeans.Stamps]: /var/cache/all-resources.dat (Permission denied)
java.io.FileNotFoundException: /var/cache/all-resources.dat (Permission denied)
	at java.io.FileOutputStream.open0(Native Method)
	at java.io.FileOutputStream.open(FileOutputStream.java:270)
	at java.io.FileOutputStream.<init>(FileOutputStream.java:213)
[catch] at org.netbeans.Stamps$Store.store(Stamps.java:726)
	at org.netbeans.Stamps$Worker.run(Stamps.java:899)
WARNING [org.netbeans.Stamps]: Error saving cache /var/cache/all-installer.dat
INFO [org.netbeans.Stamps]: /var/cache/all-installer.dat (Permission denied)
java.io.FileNotFoundException: /var/cache/all-installer.dat (Permission denied)
	at java.io.FileOutputStream.open0(Native Method)
	at java.io.FileOutputStream.open(FileOutputStream.java:270)
	at java.io.FileOutputStream.<init>(FileOutputStream.java:213)
[catch] at org.netbeans.Stamps$Store.store(Stamps.java:726)
	at org.netbeans.Stamps$Worker.run(Stamps.java:899)
WARNING [org.netbeans.Stamps]: Error saving cache /var/cache/all-clusters.dat
INFO [org.netbeans.Stamps]: /var/cache/all-clusters.dat (Permission denied)
java.io.FileNotFoundException: /var/cache/all-clusters.dat (Permission denied)
	at java.io.FileOutputStream.open0(Native Method)
	at java.io.FileOutputStream.open(FileOutputStream.java:270)
	at java.io.FileOutputStream.<init>(FileOutputStream.java:213)
[catch] at org.netbeans.Stamps$Store.store(Stamps.java:726)
	at org.netbeans.Stamps$Worker.run(Stamps.java:899)
